<?xml version="1.0" encoding="UTF-8"?>
<testsuite name="SILab2Test" tests="2" skipped="0" failures="0" errors="0" timestamp="2020-06-13T20:37:17" hostname="DELL-PC" time="0.032">
  <properties/>
  <testcase name="functionEvery_Path()" classname="SILab2Test" time="0.029"/>
  <testcase name="functionEvery_statement()" classname="SILab2Test" time="0.002"/>
  <system-out><![CDATA[]]></system-out>
  <system-err><![CDATA[]]></system-err>
</testsuite>
